# do {tb_flash_led_compile.do}
# ** Warning: (vlib-34) Library already exists at "modelsim_lib/work".
# ** Warning: (vlib-34) Library already exists at "modelsim_lib/msim".
# ** Warning: (vlib-34) Library already exists at "modelsim_lib/msim/xil_defaultlib".
# Model Technology ModelSim - Intel FPGA Edition vmap 10.5b Lib Mapping Utility 2016.10 Oct  5 2016
# vmap xil_defaultlib modelsim_lib/msim/xil_defaultlib 
# Modifying modelsim.ini
# Model Technology ModelSim - Intel FPGA Edition vlog 10.5b Compiler 2016.10 Oct  5 2016
# Start time: 20:35:44 on Nov 06,2024
# vlog -incr -mfcu -work xil_defaultlib ../../../../LED_1.srcs/sources_1/new/flash_led.v ../../../../LED_1.srcs/sim_1/new/tb_flash_led.v 
# -- Skipping module flash_led
# -- Skipping module tb_flash_led
# 
# Top level modules:
# 	tb_flash_led
# End time: 20:35:44 on Nov 06,2024, Elapsed time: 0:00:00
# Errors: 0, Warnings: 0
# Model Technology ModelSim - Intel FPGA Edition vlog 10.5b Compiler 2016.10 Oct  5 2016
# Start time: 20:35:44 on Nov 06,2024
# vlog -work xil_defaultlib glbl.v 
# -- Compiling module glbl
# 
# Top level modules:
# 	glbl
# End time: 20:35:44 on Nov 06,2024, Elapsed time: 0:00:00
# Errors: 0, Warnings: 0
